<?xml version="1.0" encoding="UTF-8"?>
<testsuite xmlns:xsi="http://www.w3.org/2001/XMLSchema-instance" xsi:noNamespaceSchemaLocation="https://maven.apache.org/surefire/maven-surefire-plugin/xsd/surefire-test-report-3.0.xsd" version="3.0" name="edu.school21.QueueTests" time="0.027" tests="1" errors="0" skipped="0" failures="0">
  <properties>
[...]
</properties>
  <testcase name="testQueue" classname="edu.school21.QueueTests" time="0.017">
    <system-out><![CDATA[-------QUEUE-------
ADDED FIRST...ADDED LAST
-1 3 0 3 2 1 2 
QUEUE SIZE = 7
front element = 2
back element = -1
popped element = -1; queue size = 6
front element = 2
back element = 3
popped element = 3; queue size = 5
front element = 2
back element = 0
popped element = 0; queue size = 4
front element = 2
back element = 3
popped element = 3; queue size = 3
front element = 2
back element = 2
popped element = 2; queue size = 2
front element = 2
back element = 1
popped element = 1; queue size = 1
front element = 2
back element = 2
popped element = 2; queue size = 0
]]></system-out>
  </testcase>
</testsuite>