<?xml version="1.0" encoding="UTF-8"?>
<testsuite xmlns:xsi="http://www.w3.org/2001/XMLSchema-instance" xsi:noNamespaceSchemaLocation="https://maven.apache.org/surefire/maven-surefire-plugin/xsd/surefire-test-report-3.0.xsd" version="3.0" name="edu.school21.BFSTests" time="0.008" tests="4" errors="0" skipped="0" failures="0">
  <properties>
[...]
</properties>
  <testcase name="testGraph_1" classname="edu.school21.BFSTests" time="0.002">
    <system-out><![CDATA[Testing graph1.txt...
[1, 2, 3, 4] <--> [1, 2, 3, 4]
[2, 1, 3, 4] <--> [2, 1, 3, 4]
[3, 2, 1, 4] <--> [3, 2, 1, 4]
[4, 2, 1, 3] <--> [4, 2, 1, 3]
]]></system-out>
  </testcase>
  <testcase name="testGraph_2" classname="edu.school21.BFSTests" time="0.002">
    <system-out><![CDATA[Testing graph2.txt...
[1, 2, 3, 4, 5] <--> [1, 2, 3, 4, 5]
[2, 1, 4, 5, 3] <--> [2, 1, 4, 5, 3]
[3, 1, 5, 2, 4] <--> [3, 1, 5, 2, 4]
[4, 2, 1, 5, 3] <--> [4, 2, 1, 5, 3]
[5, 2, 3, 1, 4] <--> [5, 2, 3, 1, 4]
]]></system-out>
  </testcase>
  <testcase name="testGraph_3" classname="edu.school21.BFSTests" time="0.001">
    <system-out><![CDATA[Testing graph3.txt...
[1, 2, 8, 3, 4, 5, 6, 7] <--> [1, 2, 8, 3, 4, 5, 6, 7]
[2, 1, 3, 8, 4, 5, 6, 7] <--> [2, 1, 3, 8, 4, 5, 6, 7]
[3, 2, 4, 1, 5, 8, 6, 7] <--> [3, 2, 4, 1, 5, 8, 6, 7]
[4, 3, 5, 2, 6, 7, 1, 8] <--> [4, 3, 5, 2, 6, 7, 1, 8]
[5, 4, 6, 7, 3, 2, 1, 8] <--> [5, 4, 6, 7, 3, 2, 1, 8]
[6, 5, 7, 4, 3, 2, 1, 8] <--> [6, 5, 7, 4, 3, 2, 1, 8]
[7, 5, 6, 4, 3, 2, 1, 8] <--> [7, 5, 6, 4, 3, 2, 1, 8]
[8, 1, 2, 3, 4, 5, 6, 7] <--> [8, 1, 2, 3, 4, 5, 6, 7]
]]></system-out>
  </testcase>
  <testcase name="testGraph_4" classname="edu.school21.BFSTests" time="0.001">
    <system-out><![CDATA[Testing graph4.txt...
[1, 2, 5, 3, 4, 6] <--> [1, 2, 5, 3, 4, 6]
[2, 1, 3, 5, 4, 6] <--> [2, 1, 3, 5, 4, 6]
[3, 2, 4, 1, 5, 6] <--> [3, 2, 4, 1, 5, 6]
[4, 3, 5, 6, 2, 1] <--> [4, 3, 5, 6, 2, 1]
[5, 1, 2, 4, 3, 6] <--> [5, 1, 2, 4, 3, 6]
[6, 4, 3, 5, 2, 1] <--> [6, 4, 3, 5, 2, 1]
]]></system-out>
  </testcase>
</testsuite>